<?xml version="1.0" encoding="UTF-8" ?>
<testsuite tests="6" failures="0" name="ProntuarioTest" time="0.062" errors="0" skipped="0">
  <properties>
[...]
</properties>
  <testcase classname="ProntuarioTest" name="testSomenteProcedimentos" time="0.046"/>
  <testcase classname="ProntuarioTest" name="testCarregarArquivoCompleto" time="0.01"/>
  <testcase classname="ProntuarioTest" name="testSomenteInternacao" time="0.001"/>
  <testcase classname="ProntuarioTest" name="testCarregarArquivoSemInternacao" time="0.001"/>
  <testcase classname="ProntuarioTest" name="testInternacaoComProcedimentos" time="0.003"/>
  <testcase classname="ProntuarioTest" name="testCarregarArquivoSemProcedimentos" time="0.001"/>
</testsuite>